#
# There is insufficient memory for the Java Runtime Environment to continue.
# Native memory allocation (malloc) failed to allocate 926496 bytes for Chunk::new
# Possible reasons:
#   The system is out of physical RAM or swap space
#   The process is running with CompressedOops enabled, and the Java Heap may be blocking the growth of the native heap
# Possible solutions:
#   Reduce memory load on the system
#   Increase physical memory or swap space
#   Check if swap backing store is full
#   Decrease Java heap size (-Xmx/-Xms)
#   Decrease number of Java threads
#   Decrease Java thread stack sizes (-Xss)
#   Set larger code cache with -XX:ReservedCodeCacheSize=
#   JVM is running with Unscaled Compressed Oops mode in which the Java heap is
#     placed in the first 4GB address space. The Java Heap base address is the
#     maximum limit for the native heap growth. Please use -XX:HeapBaseMinAddress
#     to set the Java Heap base and to place the Java Heap above 4GB virtual address.
# This output file may be truncated or incomplete.
#
#  Out of Memory Error (allocation.cpp:389), pid=8332, tid=0x000000000000363c
#
# JRE version: OpenJDK Runtime Environment (8.0_242-b01) (build 1.8.0_242-release-1644-b01)
# Java VM: OpenJDK 64-Bit Server VM (25.242-b01 mixed mode windows-amd64 compressed oops)
# Failed to write core dump. Minidumps are not enabled by default on client versions of Windows
#

---------------  T H R E A D  ---------------

Current thread (0x000000001a3a3000):  JavaThread "C2 CompilerThread2" daemon [_thread_in_native, id=13884, stack(0x000000001ad70000,0x000000001ae70000)]

Stack: [0x000000001ad70000,0x000000001ae70000]
[error occurred during error reporting (printing stack bounds), id 0xc0000005]

Native frames: (J=compiled Java code, j=interpreted, Vv=VM code, C=native code)


Current CompileTask:
C2:   8492 4485   !   4       com.sun.beans.TypeResolver::resolve (274 bytes)


---------------  P R O C E S S  ---------------

Java Threads: ( => current thread )
  0x000000001f101800 JavaThread "Cache worker for Build Output Cleanup Cache (D:\externalAndroid\WushanVideo\.gradle\buildOutputCleanup)" [_thread_blocked, id=9744, stack(0x00000000253e0000,0x00000000254e0000)]
  0x000000001f0fa000 JavaThread "pool-1-thread-1" [_thread_blocked, id=8256, stack(0x0000000021640000,0x0000000021740000)]
  0x000000001f101000 JavaThread "Build operations Thread 8" [_thread_blocked, id=12556, stack(0x0000000024ee0000,0x0000000024fe0000)]
  0x000000001f0f9800 JavaThread "Build operations Thread 7" [_thread_blocked, id=9732, stack(0x0000000024de0000,0x0000000024ee0000)]
  0x000000001f100000 JavaThread "Build operations Thread 6" [_thread_blocked, id=15828, stack(0x0000000024ce0000,0x0000000024de0000)]
  0x000000001f0f8800 JavaThread "Build operations Thread 5" [_thread_blocked, id=16460, stack(0x0000000024be0000,0x0000000024ce0000)]
  0x000000001f0ff800 JavaThread "Build operations Thread 4" [_thread_blocked, id=15820, stack(0x0000000024ae0000,0x0000000024be0000)]
  0x000000001f0f8000 JavaThread "Build operations Thread 3" [_thread_blocked, id=16388, stack(0x00000000249e0000,0x0000000024ae0000)]
  0x000000001f0fe800 JavaThread "Build operations Thread 2" [_thread_blocked, id=17096, stack(0x00000000248e0000,0x00000000249e0000)]
  0x000000001f0fc800 JavaThread "Build operations" [_thread_blocked, id=6964, stack(0x00000000247e0000,0x00000000248e0000)]
  0x000000001d2f6800 JavaThread "Cache worker for execution history cache (C:\Users\Administrator\.gradle\caches\6.1.1\executionHistory)" [_thread_blocked, id=17108, stack(0x00000000210a0000,0x00000000211a0000)]
  0x000000001d2fd000 JavaThread "Cache worker for cache directory md-rule (C:\Users\Administrator\.gradle\caches\6.1.1\md-rule)" [_thread_blocked, id=13708, stack(0x0000000020fa0000,0x00000000210a0000)]
  0x000000001d2fb800 JavaThread "Cache worker for cache directory md-supplier (C:\Users\Administrator\.gradle\caches\6.1.1\md-supplier)" [_thread_blocked, id=8388, stack(0x0000000020ea0000,0x0000000020fa0000)]
  0x000000001d2fb000 JavaThread "Cache worker for file hash cache (D:\externalAndroid\WushanVideo\.gradle\6.1.1\fileHashes)" [_thread_blocked, id=15764, stack(0x0000000021340000,0x0000000021440000)]
  0x000000001d2fa000 JavaThread "Cache worker for checksums cache (D:\externalAndroid\WushanVideo\.gradle\checksums)" [_thread_blocked, id=14812, stack(0x0000000021240000,0x0000000021340000)]
  0x000000001d2f9800 JavaThread "Cache worker for file hash cache (C:\Users\Administrator\.gradle\caches\6.1.1\fileHashes)" [_thread_blocked, id=13208, stack(0x000000001ec00000,0x000000001ed00000)]
  0x000000001d2fc800 JavaThread "File lock request listener" [_thread_in_native, id=4564, stack(0x000000001eb00000,0x000000001ec00000)]
  0x000000001d253800 JavaThread "Cache worker for journal cache (C:\Users\Administrator\.gradle\caches\journal-1)" [_thread_blocked, id=13484, stack(0x000000001ea00000,0x000000001eb00000)]
  0x000000001b5ae000 JavaThread "Thread-9" [_thread_blocked, id=13952, stack(0x000000001e700000,0x000000001e800000)]
  0x000000001b5ab000 JavaThread "Stdin handler" [_thread_blocked, id=7424, stack(0x000000001e600000,0x000000001e700000)]
  0x000000001b374000 JavaThread "Asynchronous log dispatcher for DefaultDaemonConnection: socket connection from /127.0.0.1:55515 to /127.0.0.1:55516" [_thread_blocked, id=12500, stack(0x000000001e500000,0x000000001e600000)]
  0x000000001d245800 JavaThread "Daemon worker" [_thread_in_vm, id=12920, stack(0x000000001e400000,0x000000001e500000)]
  0x000000001b36f000 JavaThread "Cancel handler" [_thread_blocked, id=11676, stack(0x000000001e300000,0x000000001e400000)]
  0x000000001d19a800 JavaThread "Handler for socket connection from /127.0.0.1:55515 to /127.0.0.1:55516" [_thread_in_native, id=16808, stack(0x000000001e000000,0x000000001e100000)]
  0x000000001d1fd000 JavaThread "Daemon" [_thread_blocked, id=9888, stack(0x000000001df00000,0x000000001e000000)]
  0x000000001d16b800 JavaThread "Daemon periodic checks" [_thread_blocked, id=11748, stack(0x000000001de00000,0x000000001df00000)]
  0x000000001d1cf000 JavaThread "Incoming local TCP Connector on port 55515" [_thread_in_native, id=1964, stack(0x000000001dc50000,0x000000001dd50000)]
  0x000000001d1bb000 JavaThread "Daemon health stats" [_thread_blocked, id=13016, stack(0x000000001c940000,0x000000001ca40000)]
  0x000000001a432000 JavaThread "Service Thread" daemon [_thread_blocked, id=9496, stack(0x000000001af70000,0x000000001b070000)]
  0x000000001a3aa000 JavaThread "C1 CompilerThread3" daemon [_thread_blocked, id=2684, stack(0x000000001ae70000,0x000000001af70000)]
=>0x000000001a3a3000 JavaThread "C2 CompilerThread2" daemon [_thread_in_native, id=13884, stack(0x000000001ad70000,0x000000001ae70000)]
  0x000000001852e000 JavaThread "C2 CompilerThread1" daemon [_thread_in_native, id=17052, stack(0x000000001ac70000,0x000000001ad70000)]
  0x000000001a3a0800 JavaThread "C2 CompilerThread0" daemon [_thread_in_native, id=10000, stack(0x000000001ab70000,0x000000001ac70000)]
  0x000000001a39f000 JavaThread "Attach Listener" daemon [_thread_blocked, id=15152, stack(0x000000001aa70000,0x000000001ab70000)]
  0x000000001a34b800 JavaThread "Signal Dispatcher" daemon [_thread_blocked, id=11352, stack(0x000000001a970000,0x000000001aa70000)]
  0x00000000034ad800 JavaThread "Finalizer" daemon [_thread_blocked, id=13916, stack(0x000000001a810000,0x000000001a910000)]
  0x000000001851c000 JavaThread "Reference Handler" daemon [_thread_blocked, id=10588, stack(0x000000001a710000,0x000000001a810000)]
  0x000000000171d800 JavaThread "main" [_thread_blocked, id=4016, stack(0x0000000002ef0000,0x0000000002ff0000)]

Other Threads:
  0x0000000018518800 VMThread [stack: 0x000000001a210000,0x000000001a310000] [id=14332]
  0x000000001a432800 WatcherThread [stack: 0x000000001b070000,0x000000001b170000] [id=13700]

VM state:not at safepoint (normal execution)

VM Mutex/Monitor currently owned by a thread: None

heap address: 0x0000000080000000, size: 2048 MB, Compressed Oops mode: 32-bit
Narrow klass base: 0x0000000000000000, Narrow klass shift: 3
Compressed class space size: 1073741824 Address: 0x0000000100000000

Heap:
 PSYoungGen      total 127488K, used 88455K [0x00000000d5580000, 0x00000000de680000, 0x0000000100000000)
  eden space 119296K, 67% used [0x00000000d5580000,0x00000000da3e6460,0x00000000dca00000)
  from space 8192K, 99% used [0x00000000dde80000,0x00000000de67b7e0,0x00000000de680000)
  to   space 11264K, 0% used [0x00000000dd080000,0x00000000dd080000,0x00000000ddb80000)
 ParOldGen       total 74752K, used 27477K [0x0000000080000000, 0x0000000084900000, 0x00000000d5580000)
  object space 74752K, 36% used [0x0000000080000000,0x0000000081ad5638,0x0000000084900000)
 Metaspace       used 50836K, capacity 52574K, committed 52776K, reserved 1095680K
  class space    used 6799K, capacity 7206K, committed 7208K, reserved 1048576K

Card table byte_map: [0x0000000012870000,0x0000000012c80000] byte_map_base: 0x0000000012470000

Marking Bits: (ParMarkBitMap*) 0x0000000066cef030
 Begin Bits: [0x0000000013730000, 0x0000000015730000)
 End Bits:   [0x0000000015730000, 0x0000000017730000)

Polling page: 0x0000000001280000

CodeCache: size=245760Kb used=14586Kb max_used=14586Kb free=231174Kb
 bounds [0x00000000034b0000, 0x0000000004300000, 0x00000000124b0000]
 total_blobs=4954 nmethods=4185 adapters=681
 compilation: enabled

Compilation events (10 events):
Event: 8.473 Thread 0x000000001a3aa000 4589       3       org.gradle.internal.logging.progress.DefaultProgressLoggerFactory$ProgressLoggerImpl::completed (61 bytes)
Event: 8.473 Thread 0x000000001a3aa000 nmethod 4589 0x00000000042f5710 code [0x00000000042f5920, 0x00000000042f6358]
Event: 8.473 Thread 0x000000001a3aa000 4590   !   3       sun.reflect.GeneratedConstructorAccessor13::newInstance (61 bytes)
Event: 8.474 Thread 0x000000001a3aa000 nmethod 4590 0x00000000042f68d0 code [0x00000000042f6b40, 0x00000000042f7a38]
Event: 8.474 Thread 0x000000001a3aa000 4593       3       com.google.common.collect.Maps::newLinkedHashMap (8 bytes)
Event: 8.474 Thread 0x000000001a3aa000 nmethod 4593 0x00000000042f8510 code [0x00000000042f8680, 0x00000000042f8990]
Event: 8.474 Thread 0x000000001a3aa000 4591       3       org.gradle.tooling.internal.provider.runner.ToolingApiBuildEventListenerFactory$1::finished (1 bytes)
Event: 8.474 Thread 0x000000001a3aa000 nmethod 4591 0x00000000042f8b10 code [0x00000000042f8c60, 0x00000000042f8db0]
Event: 8.474 Thread 0x000000001a3aa000 4592       3       org.gradle.internal.operations.DefaultBuildOperationExecutor$DefaultBuildOperationContext::setResult (6 bytes)
Event: 8.474 Thread 0x000000001a3aa000 nmethod 4592 0x00000000042f8e50 code [0x00000000042f8fa0, 0x00000000042f9110]

GC Heap History (10 events):
Event: 3.392 GC heap before
{Heap before GC invocations=8 (full 1):
 PSYoungGen      total 75776K, used 4020K [0x00000000d5580000, 0x00000000de980000, 0x0000000100000000)
  eden space 64512K, 0% used [0x00000000d5580000,0x00000000d5580000,0x00000000d9480000)
  from space 11264K, 35% used [0x00000000d9480000,0x00000000d986d040,0x00000000d9f80000)
  to   space 11264K, 0% used [0x00000000dde80000,0x00000000dde80000,0x00000000de980000)
 ParOldGen       total 86016K, used 9540K [0x0000000080000000, 0x0000000085400000, 0x00000000d5580000)
  object space 86016K, 11% used [0x0000000080000000,0x0000000080951118,0x0000000085400000)
 Metaspace       used 20566K, capacity 21240K, committed 21296K, reserved 1067008K
  class space    used 2872K, capacity 3088K, committed 3120K, reserved 1048576K
Event: 3.425 GC heap after
Heap after GC invocations=8 (full 1):
 PSYoungGen      total 75776K, used 0K [0x00000000d5580000, 0x00000000de980000, 0x0000000100000000)
  eden space 64512K, 0% used [0x00000000d5580000,0x00000000d5580000,0x00000000d9480000)
  from space 11264K, 0% used [0x00000000d9480000,0x00000000d9480000,0x00000000d9f80000)
  to   space 11264K, 0% used [0x00000000dde80000,0x00000000dde80000,0x00000000de980000)
 ParOldGen       total 49152K, used 7301K [0x0000000080000000, 0x0000000083000000, 0x00000000d5580000)
  object space 49152K, 14% used [0x0000000080000000,0x00000000807217d0,0x0000000083000000)
 Metaspace       used 20566K, capacity 21240K, committed 21296K, reserved 1067008K
  class space    used 2872K, capacity 3088K, committed 3120K, reserved 1048576K
}
Event: 3.896 GC heap before
{Heap before GC invocations=9 (full 1):
 PSYoungGen      total 75776K, used 64512K [0x00000000d5580000, 0x00000000de980000, 0x0000000100000000)
  eden space 64512K, 100% used [0x00000000d5580000,0x00000000d9480000,0x00000000d9480000)
  from space 11264K, 0% used [0x00000000d9480000,0x00000000d9480000,0x00000000d9f80000)
  to   space 11264K, 0% used [0x00000000dde80000,0x00000000dde80000,0x00000000de980000)
 ParOldGen       total 49152K, used 7301K [0x0000000080000000, 0x0000000083000000, 0x00000000d5580000)
  object space 49152K, 14% used [0x0000000080000000,0x00000000807217d0,0x0000000083000000)
 Metaspace       used 28144K, capacity 28890K, committed 29232K, reserved 1075200K
  class space    used 3880K, capacity 4097K, committed 4144K, reserved 1048576K
Event: 3.903 GC heap after
Heap after GC invocations=9 (full 1):
 PSYoungGen      total 127488K, used 7937K [0x00000000d5580000, 0x00000000de680000, 0x0000000100000000)
  eden space 119296K, 0% used [0x00000000d5580000,0x00000000d5580000,0x00000000dca00000)
  from space 8192K, 96% used [0x00000000dde80000,0x00000000de6405c0,0x00000000de680000)
  to   space 11264K, 0% used [0x00000000dd080000,0x00000000dd080000,0x00000000ddb80000)
 ParOldGen       total 49152K, used 7309K [0x0000000080000000, 0x0000000083000000, 0x00000000d5580000)
  object space 49152K, 14% used [0x0000000080000000,0x00000000807237d0,0x0000000083000000)
 Metaspace       used 28144K, capacity 28890K, committed 29232K, reserved 1075200K
  class space    used 3880K, capacity 4097K, committed 4144K, reserved 1048576K
}
Event: 4.815 GC heap before
{Heap before GC invocations=10 (full 1):
 PSYoungGen      total 127488K, used 125329K [0x00000000d5580000, 0x00000000de680000, 0x0000000100000000)
  eden space 119296K, 98% used [0x00000000d5580000,0x00000000dc8240b8,0x00000000dca00000)
  from space 8192K, 96% used [0x00000000dde80000,0x00000000de6405c0,0x00000000de680000)
  to   space 11264K, 0% used [0x00000000dd080000,0x00000000dd080000,0x00000000ddb80000)
 ParOldGen       total 49152K, used 7309K [0x0000000080000000, 0x0000000083000000, 0x00000000d5580000)
  object space 49152K, 14% used [0x0000000080000000,0x00000000807237d0,0x0000000083000000)
 Metaspace       used 34509K, capacity 35410K, committed 35496K, reserved 1079296K
  class space    used 4727K, capacity 4974K, committed 5032K, reserved 1048576K
Event: 4.827 GC heap after
Heap after GC invocations=10 (full 1):
 PSYoungGen      total 130560K, used 11241K [0x00000000d5580000, 0x00000000de680000, 0x0000000100000000)
  eden space 119296K, 0% used [0x00000000d5580000,0x00000000d5580000,0x00000000dca00000)
  from space 11264K, 99% used [0x00000000dd080000,0x00000000ddb7a5e0,0x00000000ddb80000)
  to   space 8192K, 0% used [0x00000000dde80000,0x00000000dde80000,0x00000000de680000)
 ParOldGen       total 49152K, used 7785K [0x0000000080000000, 0x0000000083000000, 0x00000000d5580000)
  object space 49152K, 15% used [0x0000000080000000,0x000000008079a6e0,0x0000000083000000)
 Metaspace       used 34509K, capacity 35410K, committed 35496K, reserved 1079296K
  class space    used 4727K, capacity 4974K, committed 5032K, reserved 1048576K
}
Event: 4.827 GC heap before
{Heap before GC invocations=11 (full 2):
 PSYoungGen      total 130560K, used 11241K [0x00000000d5580000, 0x00000000de680000, 0x0000000100000000)
  eden space 119296K, 0% used [0x00000000d5580000,0x00000000d5580000,0x00000000dca00000)
  from space 11264K, 99% used [0x00000000dd080000,0x00000000ddb7a5e0,0x00000000ddb80000)
  to   space 8192K, 0% used [0x00000000dde80000,0x00000000dde80000,0x00000000de680000)
 ParOldGen       total 49152K, used 7785K [0x0000000080000000, 0x0000000083000000, 0x00000000d5580000)
  object space 49152K, 15% used [0x0000000080000000,0x000000008079a6e0,0x0000000083000000)
 Metaspace       used 34509K, capacity 35410K, committed 35496K, reserved 1079296K
  class space    used 4727K, capacity 4974K, committed 5032K, reserved 1048576K
Event: 4.893 GC heap after
Heap after GC invocations=11 (full 2):
 PSYoungGen      total 130560K, used 0K [0x00000000d5580000, 0x00000000de680000, 0x0000000100000000)
  eden space 119296K, 0% used [0x00000000d5580000,0x00000000d5580000,0x00000000dca00000)
  from space 11264K, 0% used [0x00000000dd080000,0x00000000dd080000,0x00000000ddb80000)
  to   space 8192K, 0% used [0x00000000dde80000,0x00000000dde80000,0x00000000de680000)
 ParOldGen       total 74752K, used 18300K [0x0000000080000000, 0x0000000084900000, 0x00000000d5580000)
  object space 74752K, 24% used [0x0000000080000000,0x00000000811df310,0x0000000084900000)
 Metaspace       used 34509K, capacity 35410K, committed 35496K, reserved 1079296K
  class space    used 4727K, capacity 4974K, committed 5032K, reserved 1048576K
}
Event: 7.461 GC heap before
{Heap before GC invocations=12 (full 2):
 PSYoungGen      total 130560K, used 119296K [0x00000000d5580000, 0x00000000de680000, 0x0000000100000000)
  eden space 119296K, 100% used [0x00000000d5580000,0x00000000dca00000,0x00000000dca00000)
  from space 11264K, 0% used [0x00000000dd080000,0x00000000dd080000,0x00000000ddb80000)
  to   space 8192K, 0% used [0x00000000dde80000,0x00000000dde80000,0x00000000de680000)
 ParOldGen       total 74752K, used 18300K [0x0000000080000000, 0x0000000084900000, 0x00000000d5580000)
  object space 74752K, 24% used [0x0000000080000000,0x00000000811df310,0x0000000084900000)
 Metaspace       used 44446K, capacity 45930K, committed 46120K, reserved 1089536K
  class space    used 6008K, capacity 6391K, committed 6440K, reserved 1048576K
Event: 7.473 GC heap after
Heap after GC invocations=12 (full 2):
 PSYoungGen      total 127488K, used 8173K [0x00000000d5580000, 0x00000000de680000, 0x0000000100000000)
  eden space 119296K, 0% used [0x00000000d5580000,0x00000000d5580000,0x00000000dca00000)
  from space 8192K, 99% used [0x00000000dde80000,0x00000000de67b7e0,0x00000000de680000)
  to   space 11264K, 0% used [0x00000000dd080000,0x00000000dd080000,0x00000000ddb80000)
 ParOldGen       total 74752K, used 27477K [0x0000000080000000, 0x0000000084900000, 0x00000000d5580000)
  object space 74752K, 36% used [0x0000000080000000,0x0000000081ad5638,0x0000000084900000)
 Metaspace       used 44446K, capacity 45930K, committed 46120K, reserved 1089536K
  class space    used 6008K, capacity 6391K, committed 6440K, reserved 1048576K
}

Deoptimization events (10 events):
Event: 7.446 Thread 0x000000001d245800 Uncommon trap: reason=unstable_if action=reinterpret pc=0x0000000003a664c8 method=java.util.jar.JarFile.maybeInstantiateVerifier()V @ 4
Event: 7.446 Thread 0x000000001d245800 Uncommon trap: reason=unstable_if action=reinterpret pc=0x0000000003ef918c method=java.security.CodeSource.matchCerts(Ljava/security/CodeSource;Z)Z @ 11
Event: 7.447 Thread 0x000000001d245800 Uncommon trap: reason=unstable_if action=reinterpret pc=0x0000000003b9c528 method=java.security.CodeSource.getCertificates()[Ljava/security/cert/Certificate; @ 4
Event: 7.447 Thread 0x000000001d245800 Uncommon trap: reason=unstable_if action=reinterpret pc=0x0000000003b9c528 method=java.security.CodeSource.getCertificates()[Ljava/security/cert/Certificate; @ 4
Event: 7.460 Thread 0x000000001d245800 Uncommon trap: reason=unstable_if action=reinterpret pc=0x0000000004028ba4 method=java.util.LinkedHashMap.get(Ljava/lang/Object;)Ljava/lang/Object; @ 20
Event: 7.655 Thread 0x000000001d245800 Uncommon trap: reason=unstable_if action=reinterpret pc=0x00000000039bb7dc method=java.util.concurrent.ConcurrentHashMap.addCount(JI)V @ 110
Event: 7.660 Thread 0x000000001d245800 Uncommon trap: reason=unstable_if action=reinterpret pc=0x00000000040a2ef4 method=java.util.concurrent.ConcurrentHashMap.addCount(JI)V @ 110
Event: 7.931 Thread 0x000000001d245800 Uncommon trap: reason=unstable_if action=reinterpret pc=0x0000000003aafb30 method=org.gradle.internal.reflect.PropertyAccessorType.of(Ljava/lang/reflect/Method;)Lorg/gradle/internal/reflect/PropertyAccessorType; @ 56
Event: 8.194 Thread 0x000000001d245800 Uncommon trap: reason=unstable_if action=reinterpret pc=0x00000000040e7370 method=org.gradle.internal.instantiation.generator.AbstractClassGenerator$InjectionAnnotationValidator.validateMethod(Ljava/lang/reflect/Method;Lorg/gradle/internal/reflect/Propert
Event: 8.194 Thread 0x000000001d245800 Uncommon trap: reason=unstable_if action=reinterpret pc=0x00000000040ee104 method=org.gradle.internal.instantiation.generator.AbstractClassGenerator$InjectionAnnotationValidator.validateMethod(Ljava/lang/reflect/Method;Lorg/gradle/internal/reflect/Propert

Classes redefined (0 events):
No events

Internal exceptions (10 events):
Event: 8.333 Thread 0x000000001d245800 Exception <a 'java/lang/ClassNotFoundException': groovy/lang/GStringBeanInfo> (0x00000000d97d7ef0) thrown at [C:\src\AOSP-openjdk-git\hotspot\src\share\vm\classfile\systemDictionary.cpp, line 210]
Event: 8.334 Thread 0x000000001d245800 Exception <a 'java/lang/ClassNotFoundException': groovy/lang/GStringCustomizer> (0x00000000d9801528) thrown at [C:\src\AOSP-openjdk-git\hotspot\src\share\vm\classfile\systemDictionary.cpp, line 210]
Event: 8.335 Thread 0x000000001d245800 Exception <a 'java/lang/ClassNotFoundException': groovy/lang/GString$1Customizer> (0x00000000d9836b40) thrown at [C:\src\AOSP-openjdk-git\hotspot\src\share\vm\classfile\systemDictionary.cpp, line 210]
Event: 8.339 Thread 0x000000001d245800 Exception <a 'java/lang/ClassNotFoundException': org/codehaus/groovy/runtime/GStringImplBeanInfo> (0x00000000d98e6d70) thrown at [C:\src\AOSP-openjdk-git\hotspot\src\share\vm\classfile\systemDictionary.cpp, line 210]
Event: 8.339 Thread 0x000000001d245800 Exception <a 'java/lang/ClassNotFoundException': org/codehaus/groovy/runtime/GStringImplCustomizer> (0x00000000d991c668) thrown at [C:\src\AOSP-openjdk-git\hotspot\src\share\vm\classfile\systemDictionary.cpp, line 210]
Event: 8.449 Thread 0x000000001d245800 Exception <a 'java/lang/ClassNotFoundException': org/gradle/api/plugins/internal/DefaultBasePluginConventionBeanInfo> (0x00000000da00e4e8) thrown at [C:\src\AOSP-openjdk-git\hotspot\src\share\vm\classfile\systemDictionary.cpp, line 210]
Event: 8.449 Thread 0x000000001d245800 Exception <a 'java/lang/ClassNotFoundException': org/gradle/api/plugins/BasePluginConventionBeanInfo> (0x00000000da039f50) thrown at [C:\src\AOSP-openjdk-git\hotspot\src\share\vm\classfile\systemDictionary.cpp, line 210]
Event: 8.450 Thread 0x000000001d245800 Exception <a 'java/lang/ClassNotFoundException': org/gradle/api/plugins/BasePluginConventionCustomizer> (0x00000000da0660f0) thrown at [C:\src\AOSP-openjdk-git\hotspot\src\share\vm\classfile\systemDictionary.cpp, line 210]
Event: 8.450 Thread 0x000000001d245800 Exception <a 'java/lang/ClassNotFoundException': org/gradle/api/plugins/internal/DefaultBasePluginConventionCustomizer> (0x00000000da0af950) thrown at [C:\src\AOSP-openjdk-git\hotspot\src\share\vm\classfile\systemDictionary.cpp, line 210]
Event: 8.455 Thread 0x000000001d245800 Exception <a 'java/lang/NoSuchMethodError': java.lang.Object.lambda$comparingInt$7b0bb60$1(Ljava/util/function/ToIntFunction;Ljava/lang/Object;Ljava/lang/Object;)I> (0x00000000da120ba8) thrown at [C:\src\AOSP-openjdk-git\hotspot\src\share\vm\interpreter\l

Events (10 events):
Event: 8.485 loading class com/google/wireless/android/sdk/stats/AnnotationProcessorInfo
Event: 8.485 loading class com/google/wireless/android/sdk/stats/AnnotationProcessorInfo done
Event: 8.486 loading class com/google/wireless/android/sdk/stats/AnnotationProcessorInfoOrBuilder
Event: 8.486 loading class com/google/wireless/android/sdk/stats/AnnotationProcessorInfoOrBuilder done
Event: 8.487 loading class com/google/wireless/android/sdk/stats/GradleBuildVariant$NativeBuildConfigInfo
Event: 8.487 loading class com/google/wireless/android/sdk/stats/GradleBuildVariant$NativeBuildConfigInfo done
Event: 8.488 loading class com/google/wireless/android/sdk/stats/GradleBuildVariant$NativeBuildConfigInfoOrBuilder
Event: 8.488 loading class com/google/wireless/android/sdk/stats/GradleBuildVariant$NativeBuildConfigInfoOrBuilder done
Event: 8.490 loading class com/google/wireless/android/sdk/stats/ApiVersion$1
Event: 8.490 loading class com/google/wireless/android/sdk/stats/ApiVersion$1 done


Dynamic libraries:
0x00007ff74ff20000 - 0x00007ff74ff51000 	D:\AndroidStudio\jre\bin\java.exe
0x00007ffba93a0000 - 0x00007ffba9590000 	C:\WINDOWS\SYSTEM32\ntdll.dll
0x00007ffba7bd0000 - 0x00007ffba7c82000 	C:\WINDOWS\System32\KERNEL32.DLL
0x00007ffba7140000 - 0x00007ffba73e5000 	C:\WINDOWS\System32\KERNELBASE.dll
0x00007ffba7560000 - 0x00007ffba7603000 	C:\WINDOWS\System32\ADVAPI32.dll
0x00007ffba86a0000 - 0x00007ffba873e000 	C:\WINDOWS\System32\msvcrt.dll
0x00007ffba7ed0000 - 0x00007ffba7f67000 	C:\WINDOWS\System32\sechost.dll
0x00007ffba7f70000 - 0x00007ffba8090000 	C:\WINDOWS\System32\RPCRT4.dll
0x00007ffba8740000 - 0x00007ffba88d4000 	C:\WINDOWS\System32\USER32.dll
0x00007ffba73f0000 - 0x00007ffba7411000 	C:\WINDOWS\System32\win32u.dll
0x00007ffba7530000 - 0x00007ffba7556000 	C:\WINDOWS\System32\GDI32.dll
0x00007ffba6d00000 - 0x00007ffba6e96000 	C:\WINDOWS\System32\gdi32full.dll
0x00007ffba6c60000 - 0x00007ffba6cfe000 	C:\WINDOWS\System32\msvcp_win.dll
0x00007ffba6320000 - 0x00007ffba641a000 	C:\WINDOWS\System32\ucrtbase.dll
0x00007ffb93170000 - 0x00007ffb933f4000 	C:\WINDOWS\WinSxS\amd64_microsoft.windows.common-controls_6595b64144ccf1df_6.0.18362.1198_none_9e820b57e45ad92f\COMCTL32.dll
0x00007ffba7890000 - 0x00007ffba7bc5000 	C:\WINDOWS\System32\combase.dll
0x00007ffba6ea0000 - 0x00007ffba6f20000 	C:\WINDOWS\System32\bcryptPrimitives.dll
0x00007ffba8660000 - 0x00007ffba868e000 	C:\WINDOWS\System32\IMM32.DLL
0x0000000068a30000 - 0x0000000068b02000 	D:\AndroidStudio\jre\jre\bin\msvcr100.dll
0x0000000066520000 - 0x0000000066d6b000 	D:\AndroidStudio\jre\jre\bin\server\jvm.dll
0x00007ffba8690000 - 0x00007ffba8698000 	C:\WINDOWS\System32\PSAPI.DLL
0x00007ffba1c40000 - 0x00007ffba1c49000 	C:\WINDOWS\SYSTEM32\WSOCK32.dll
0x00007ffba41f0000 - 0x00007ffba4214000 	C:\WINDOWS\SYSTEM32\WINMM.dll
0x00007ffba7e60000 - 0x00007ffba7ecf000 	C:\WINDOWS\System32\WS2_32.dll
0x00007ffba5dd0000 - 0x00007ffba5dda000 	C:\WINDOWS\SYSTEM32\VERSION.dll
0x00007ffba40e0000 - 0x00007ffba410d000 	C:\WINDOWS\SYSTEM32\WINMMBASE.dll
0x00007ffba6f20000 - 0x00007ffba6f6a000 	C:\WINDOWS\System32\cfgmgr32.dll
0x00007ffb88370000 - 0x00007ffb8837f000 	D:\AndroidStudio\jre\jre\bin\verify.dll
0x00007ffb74ec0000 - 0x00007ffb74ee9000 	D:\AndroidStudio\jre\jre\bin\java.dll
0x00007ffb79030000 - 0x00007ffb79046000 	D:\AndroidStudio\jre\jre\bin\zip.dll
0x00007ffba88e0000 - 0x00007ffba8fc7000 	C:\WINDOWS\System32\SHELL32.dll
0x00007ffba9130000 - 0x00007ffba91d9000 	C:\WINDOWS\System32\shcore.dll
0x00007ffba64d0000 - 0x00007ffba6c51000 	C:\WINDOWS\System32\windows.storage.dll
0x00007ffba62f0000 - 0x00007ffba6313000 	C:\WINDOWS\System32\profapi.dll
0x00007ffba6260000 - 0x00007ffba62aa000 	C:\WINDOWS\System32\powrprof.dll
0x00007ffba6250000 - 0x00007ffba6260000 	C:\WINDOWS\System32\UMPDC.dll
0x00007ffba7450000 - 0x00007ffba74a2000 	C:\WINDOWS\System32\shlwapi.dll
0x00007ffba62d0000 - 0x00007ffba62e1000 	C:\WINDOWS\System32\kernel.appcore.dll
0x00007ffba6f70000 - 0x00007ffba6f87000 	C:\WINDOWS\System32\cryptsp.dll
0x00007ffb74f60000 - 0x00007ffb74f7a000 	D:\AndroidStudio\jre\jre\bin\net.dll
0x00007ffba59d0000 - 0x00007ffba5a37000 	C:\WINDOWS\system32\mswsock.dll
0x00007ffb74e70000 - 0x00007ffb74e83000 	D:\AndroidStudio\jre\jre\bin\nio.dll
0x00007ffb709b0000 - 0x00007ffb709d6000 	C:\Users\Administrator\.gradle\native\31\windows-amd64\native-platform.dll
0x00007ffb86b90000 - 0x00007ffb86b9d000 	D:\AndroidStudio\jre\jre\bin\management.dll
0x00007ffba5540000 - 0x00007ffba5573000 	C:\WINDOWS\system32\rsaenh.dll
0x00007ffba7420000 - 0x00007ffba7446000 	C:\WINDOWS\System32\bcrypt.dll
0x00007ffba6130000 - 0x00007ffba6155000 	C:\WINDOWS\SYSTEM32\USERENV.dll
0x00007ffba5ba0000 - 0x00007ffba5bac000 	C:\WINDOWS\SYSTEM32\CRYPTBASE.dll
0x00007ffba56e0000 - 0x00007ffba571a000 	C:\WINDOWS\SYSTEM32\IPHLPAPI.DLL
0x00007ffba81e0000 - 0x00007ffba81e8000 	C:\WINDOWS\System32\NSI.dll
0x00007ffb9f280000 - 0x00007ffb9f296000 	C:\WINDOWS\SYSTEM32\dhcpcsvc6.DLL
0x00007ffb9f3b0000 - 0x00007ffb9f3cc000 	C:\WINDOWS\SYSTEM32\dhcpcsvc.DLL
0x00007ffba5720000 - 0x00007ffba57eb000 	C:\WINDOWS\SYSTEM32\DNSAPI.dll

VM Arguments:
jvm_args: -Xmx2048m -Dfile.encoding=GBK -Duser.country=CN -Duser.language=zh -Duser.variant 
java_command: org.gradle.launcher.daemon.bootstrap.GradleDaemon 6.1.1
java_class_path (initial): C:\Users\Administrator\.gradle\wrapper\dists\gradle-6.1.1-all\cfmwm155h49vnt3hynmlrsdst\gradle-6.1.1\lib\gradle-launcher-6.1.1.jar
Launcher Type: SUN_STANDARD

Environment Variables:
PATH=C:\Program Files\Common Files\Oracle\Java\javapath;C:\Program Files (x86)\Common Files\Oracle\Java\javapath;C:\WINDOWS\system32;C:\WINDOWS;C:\WINDOWS\System32\Wbem;C:\WINDOWS\System32\WindowsPowerShell\v1.0\;C:\WINDOWS\System32\OpenSSH\;C:\Program Files (x86)\NVIDIA Corporation\PhysX\Common;C:\Program Files\Git\cmd;D:\360Downloads\putty\;C:\Users\Administrator\AppData\Local\Microsoft\WindowsApps;D:\IntelliJ IDEA Community Edition 2020.2.3\bin;;D:\mysql-8.0.22-winx64\bin;C:\WebDriver\bin;
USERNAME=Administrator
OS=Windows_NT
PROCESSOR_IDENTIFIER=Intel64 Family 6 Model 158 Stepping 9, GenuineIntel



---------------  S Y S T E M  ---------------

OS: Windows 10.0 , 64 bit Build 18362 (10.0.18362.1110)

CPU:total 8 (initial active 8) (4 cores per cpu, 2 threads per core) family 6 model 158 stepping 9, cmov, cx8, fxsr, mmx, sse, sse2, sse3, ssse3, sse4.1, sse4.2, popcnt, avx, avx2, aes, clmul, erms, 3dnowpref, lzcnt, ht, tsc, tscinvbit, bmi1, bmi2, adx

Memory: 4k page, physical 8247252k(525544k free), swap 21865508k(3756k free)

vm_info: OpenJDK 64-Bit Server VM (25.242-b01) for windows-amd64 JRE (1.8.0_242-release-1644-b01), built by "builder" with MS VC++ 10.0 (VS2010)

time: Sat Nov 28 20:49:59 2020
timezone: 中国标准时间
elapsed time: 8 seconds (0d 0h 0m 8s)

