#
# There is insufficient memory for the Java Runtime Environment to continue.
# Native memory allocation (malloc) failed to allocate 1038176 bytes for Chunk::new
# Possible reasons:
#   The system is out of physical RAM or swap space
#   The process is running with CompressedOops enabled, and the Java Heap may be blocking the growth of the native heap
# Possible solutions:
#   Reduce memory load on the system
#   Increase physical memory or swap space
#   Check if swap backing store is full
#   Decrease Java heap size (-Xmx/-Xms)
#   Decrease number of Java threads
#   Decrease Java thread stack sizes (-Xss)
#   Set larger code cache with -XX:ReservedCodeCacheSize=
#   JVM is running with Unscaled Compressed Oops mode in which the Java heap is
#     placed in the first 4GB address space. The Java Heap base address is the
#     maximum limit for the native heap growth. Please use -XX:HeapBaseMinAddress
#     to set the Java Heap base and to place the Java Heap above 4GB virtual address.
# This output file may be truncated or incomplete.
#
#  Out of Memory Error (allocation.cpp:389), pid=14948, tid=0x0000000000003598
#
# JRE version: OpenJDK Runtime Environment (8.0_242-b01) (build 1.8.0_242-release-1644-b01)
# Java VM: OpenJDK 64-Bit Server VM (25.242-b01 mixed mode windows-amd64 compressed oops)
# Failed to write core dump. Minidumps are not enabled by default on client versions of Windows
#

---------------  T H R E A D  ---------------

Current thread (0x000000001820e000):  JavaThread "C2 CompilerThread1" daemon [_thread_in_native, id=13720, stack(0x000000001a930000,0x000000001aa30000)]

Stack: [0x000000001a930000,0x000000001aa30000]
[error occurred during error reporting (printing stack bounds), id 0xc0000005]

Native frames: (J=compiled Java code, j=interpreted, Vv=VM code, C=native code)


Current CompileTask:
C2:   7050 4494   !   4       com.sun.beans.TypeResolver::resolve (274 bytes)


---------------  P R O C E S S  ---------------

Java Threads: ( => current thread )
  0x000000001f4c8800 JavaThread "Cache worker for Build Output Cleanup Cache (D:\externalAndroid\WushanVideo\.gradle\buildOutputCleanup)" [_thread_blocked, id=2044, stack(0x0000000026250000,0x0000000026350000)]
  0x000000001f4c8000 JavaThread "pool-1-thread-1" [_thread_blocked, id=5180, stack(0x0000000021500000,0x0000000021600000)]
  0x000000001f4bf000 JavaThread "Build operations Thread 8" [_thread_blocked, id=9684, stack(0x00000000248a0000,0x00000000249a0000)]
  0x000000001f4c5800 JavaThread "Build operations Thread 7" [_thread_blocked, id=13796, stack(0x00000000247a0000,0x00000000248a0000)]
  0x000000001f4c3800 JavaThread "Build operations Thread 6" [_thread_blocked, id=1568, stack(0x00000000246a0000,0x00000000247a0000)]
  0x000000001f4c1000 JavaThread "Build operations Thread 5" [_thread_blocked, id=8252, stack(0x00000000245a0000,0x00000000246a0000)]
  0x000000001f4be000 JavaThread "Build operations Thread 4" [_thread_blocked, id=12000, stack(0x00000000244a0000,0x00000000245a0000)]
  0x000000001f4c5000 JavaThread "Build operations Thread 3" [_thread_blocked, id=11964, stack(0x00000000243a0000,0x00000000244a0000)]
  0x000000001f4c2800 JavaThread "Build operations Thread 2" [_thread_blocked, id=16952, stack(0x0000000023bd0000,0x0000000023cd0000)]
  0x000000001f4c4000 JavaThread "Build operations" [_thread_blocked, id=6648, stack(0x0000000022860000,0x0000000022960000)]
  0x000000001cf08800 JavaThread "Cache worker for execution history cache (C:\Users\Administrator\.gradle\caches\6.1.1\executionHistory)" [_thread_blocked, id=3104, stack(0x0000000021400000,0x0000000021500000)]
  0x000000001cf07000 JavaThread "Cache worker for cache directory md-rule (C:\Users\Administrator\.gradle\caches\6.1.1\md-rule)" [_thread_blocked, id=14308, stack(0x0000000021300000,0x0000000021400000)]
  0x000000001cf07800 JavaThread "Cache worker for cache directory md-supplier (C:\Users\Administrator\.gradle\caches\6.1.1\md-supplier)" [_thread_blocked, id=12868, stack(0x0000000020d50000,0x0000000020e50000)]
  0x000000001cf0b800 JavaThread "Cache worker for file hash cache (D:\externalAndroid\WushanVideo\.gradle\6.1.1\fileHashes)" [_thread_blocked, id=5848, stack(0x0000000021000000,0x0000000021100000)]
  0x000000001cf06000 JavaThread "Cache worker for checksums cache (D:\externalAndroid\WushanVideo\.gradle\checksums)" [_thread_blocked, id=14932, stack(0x0000000020f00000,0x0000000021000000)]
  0x000000001cf0a000 JavaThread "Cache worker for file hash cache (C:\Users\Administrator\.gradle\caches\6.1.1\fileHashes)" [_thread_blocked, id=13768, stack(0x000000001e8b0000,0x000000001e9b0000)]
  0x000000001cf0a800 JavaThread "File lock request listener" [_thread_in_native, id=9664, stack(0x000000001e7b0000,0x000000001e8b0000)]
  0x000000001cd8d000 JavaThread "Cache worker for journal cache (C:\Users\Administrator\.gradle\caches\journal-1)" [_thread_blocked, id=12280, stack(0x000000001e6b0000,0x000000001e7b0000)]
  0x000000001ce11000 JavaThread "Thread-9" [_thread_blocked, id=10616, stack(0x000000001e3b0000,0x000000001e4b0000)]
  0x000000001afcf800 JavaThread "Stdin handler" [_thread_blocked, id=15116, stack(0x000000001e2b0000,0x000000001e3b0000)]
  0x000000001afcf000 JavaThread "Asynchronous log dispatcher for DefaultDaemonConnection: socket connection from /127.0.0.1:55524 to /127.0.0.1:55525" [_thread_blocked, id=1740, stack(0x000000001e1b0000,0x000000001e2b0000)]
  0x000000001b061800 JavaThread "Daemon worker" [_thread_in_vm, id=8216, stack(0x000000001e0b0000,0x000000001e1b0000)]
  0x000000001afce000 JavaThread "Cancel handler" [_thread_blocked, id=7608, stack(0x000000001dfb0000,0x000000001e0b0000)]
  0x000000001cd92800 JavaThread "Handler for socket connection from /127.0.0.1:55524 to /127.0.0.1:55525" [_thread_in_native, id=1856, stack(0x000000001dcb0000,0x000000001ddb0000)]
  0x000000001cd8f000 JavaThread "Daemon" [_thread_blocked, id=14588, stack(0x000000001dbb0000,0x000000001dcb0000)]
  0x000000001cd6d800 JavaThread "Daemon periodic checks" [_thread_blocked, id=4228, stack(0x000000001dab0000,0x000000001dbb0000)]
  0x000000001cdc7800 JavaThread "Incoming local TCP Connector on port 55524" [_thread_in_native, id=14920, stack(0x000000001d900000,0x000000001da00000)]
  0x000000001ccd9000 JavaThread "Daemon health stats" [_thread_blocked, id=8032, stack(0x000000001c600000,0x000000001c700000)]
  0x000000001a0f7800 JavaThread "Service Thread" daemon [_thread_blocked, id=14696, stack(0x000000001ac30000,0x000000001ad30000)]
  0x000000001a06a000 JavaThread "C1 CompilerThread3" daemon [_thread_blocked, id=9612, stack(0x000000001ab30000,0x000000001ac30000)]
  0x000000001a064000 JavaThread "C2 CompilerThread2" daemon [_thread_in_native, id=12712, stack(0x000000001aa30000,0x000000001ab30000)]
=>0x000000001820e000 JavaThread "C2 CompilerThread1" daemon [_thread_in_native, id=13720, stack(0x000000001a930000,0x000000001aa30000)]
  0x000000001a060800 JavaThread "C2 CompilerThread0" daemon [_thread_blocked, id=10844, stack(0x000000001a830000,0x000000001a930000)]
  0x000000001a05f000 JavaThread "Attach Listener" daemon [_thread_blocked, id=9112, stack(0x000000001a730000,0x000000001a830000)]
  0x000000001a00b800 JavaThread "Signal Dispatcher" daemon [_thread_blocked, id=12156, stack(0x000000001a630000,0x000000001a730000)]
  0x000000000312d800 JavaThread "Finalizer" daemon [_thread_blocked, id=15048, stack(0x000000001a4d0000,0x000000001a5d0000)]
  0x00000000181fc000 JavaThread "Reference Handler" daemon [_thread_blocked, id=12836, stack(0x000000001a3d0000,0x000000001a4d0000)]
  0x000000000318d800 JavaThread "main" [_thread_blocked, id=12880, stack(0x0000000002b90000,0x0000000002c90000)]

Other Threads:
  0x00000000181f8800 VMThread [stack: 0x0000000019ed0000,0x0000000019fd0000] [id=10480]
  0x000000001a0f8000 WatcherThread [stack: 0x000000001ad30000,0x000000001ae30000] [id=14144]

VM state:not at safepoint (normal execution)

VM Mutex/Monitor currently owned by a thread: None

heap address: 0x0000000080000000, size: 2048 MB, Compressed Oops mode: 32-bit
Narrow klass base: 0x0000000000000000, Narrow klass shift: 3
Compressed class space size: 1073741824 Address: 0x0000000100000000

Heap:
 PSYoungGen      total 126976K, used 94755K [0x00000000d5580000, 0x00000000de680000, 0x0000000100000000)
  eden space 118784K, 72% used [0x00000000d5580000,0x00000000daa090a8,0x00000000dc980000)
  from space 8192K, 99% used [0x00000000dde80000,0x00000000de67ff40,0x00000000de680000)
  to   space 11264K, 0% used [0x00000000dd080000,0x00000000dd080000,0x00000000ddb80000)
 ParOldGen       total 76288K, used 27158K [0x0000000080000000, 0x0000000084a80000, 0x00000000d5580000)
  object space 76288K, 35% used [0x0000000080000000,0x0000000081a85a58,0x0000000084a80000)
 Metaspace       used 51393K, capacity 53268K, committed 53416K, reserved 1095680K
  class space    used 6900K, capacity 7313K, committed 7344K, reserved 1048576K

Card table byte_map: [0x0000000012550000,0x0000000012960000] byte_map_base: 0x0000000012150000

Marking Bits: (ParMarkBitMap*) 0x0000000066cef030
 Begin Bits: [0x0000000013410000, 0x0000000015410000)
 End Bits:   [0x0000000015410000, 0x0000000017410000)

Polling page: 0x00000000013a0000

CodeCache: size=245760Kb used=14887Kb max_used=14906Kb free=230872Kb
 bounds [0x0000000003190000, 0x0000000004030000, 0x0000000012190000]
 total_blobs=4988 nmethods=4218 adapters=682
 compilation: enabled

Compilation events (10 events):
Event: 7.046 Thread 0x000000001a060800 4587       4       java.lang.Character::toUpperCase (9 bytes)
Event: 7.047 Thread 0x000000001a06a000 4622       3       org.gradle.api.internal.DefaultMutationGuard::newActionWithMutation (11 bytes)
Event: 7.047 Thread 0x000000001a06a000 nmethod 4622 0x0000000004019c90 code [0x0000000004019e00, 0x000000000401a090]
Event: 7.047 Thread 0x000000001a06a000 4623       3       org.gradle.api.internal.DefaultMutationGuard$2::<init> (20 bytes)
Event: 7.047 Thread 0x000000001a06a000 nmethod 4623 0x0000000004018390 code [0x00000000040184e0, 0x00000000040186d0]
Event: 7.047 Thread 0x000000001a060800 nmethod 4587 0x0000000004018050 code [0x0000000004018180, 0x0000000004018258]
Event: 7.048 Thread 0x000000001a06a000 4624       3       org.gradle.api.internal.AbstractMutationGuard::withMutationDisabled (7 bytes)
Event: 7.048 Thread 0x000000001a06a000 nmethod 4624 0x0000000004017c10 code [0x0000000004017d80, 0x0000000004017fa8]
Event: 7.048 Thread 0x000000001a06a000 4625       3       org.gradle.api.internal.provider.AbstractMinimalProvider::<init> (5 bytes)
Event: 7.049 Thread 0x000000001a06a000 nmethod 4625 0x0000000004017850 code [0x00000000040179a0, 0x0000000004017b50]

GC Heap History (10 events):
Event: 3.397 GC heap before
{Heap before GC invocations=8 (full 1):
 PSYoungGen      total 75776K, used 4129K [0x00000000d5580000, 0x00000000de980000, 0x0000000100000000)
  eden space 64512K, 0% used [0x00000000d5580000,0x00000000d5580000,0x00000000d9480000)
  from space 11264K, 36% used [0x00000000d9480000,0x00000000d9888478,0x00000000d9f80000)
  to   space 11264K, 0% used [0x00000000dde80000,0x00000000dde80000,0x00000000de980000)
 ParOldGen       total 86016K, used 9536K [0x0000000080000000, 0x0000000085400000, 0x00000000d5580000)
  object space 86016K, 11% used [0x0000000080000000,0x0000000080950080,0x0000000085400000)
 Metaspace       used 20574K, capacity 21240K, committed 21296K, reserved 1067008K
  class space    used 2873K, capacity 3088K, committed 3120K, reserved 1048576K
Event: 3.426 GC heap after
Heap after GC invocations=8 (full 1):
 PSYoungGen      total 75776K, used 0K [0x00000000d5580000, 0x00000000de980000, 0x0000000100000000)
  eden space 64512K, 0% used [0x00000000d5580000,0x00000000d5580000,0x00000000d9480000)
  from space 11264K, 0% used [0x00000000d9480000,0x00000000d9480000,0x00000000d9f80000)
  to   space 11264K, 0% used [0x00000000dde80000,0x00000000dde80000,0x00000000de980000)
 ParOldGen       total 49152K, used 7307K [0x0000000080000000, 0x0000000083000000, 0x00000000d5580000)
  object space 49152K, 14% used [0x0000000080000000,0x0000000080722d58,0x0000000083000000)
 Metaspace       used 20574K, capacity 21240K, committed 21296K, reserved 1067008K
  class space    used 2873K, capacity 3088K, committed 3120K, reserved 1048576K
}
Event: 3.952 GC heap before
{Heap before GC invocations=9 (full 1):
 PSYoungGen      total 75776K, used 64512K [0x00000000d5580000, 0x00000000de980000, 0x0000000100000000)
  eden space 64512K, 100% used [0x00000000d5580000,0x00000000d9480000,0x00000000d9480000)
  from space 11264K, 0% used [0x00000000d9480000,0x00000000d9480000,0x00000000d9f80000)
  to   space 11264K, 0% used [0x00000000dde80000,0x00000000dde80000,0x00000000de980000)
 ParOldGen       total 49152K, used 7307K [0x0000000080000000, 0x0000000083000000, 0x00000000d5580000)
  object space 49152K, 14% used [0x0000000080000000,0x0000000080722d58,0x0000000083000000)
 Metaspace       used 28128K, capacity 28826K, committed 28976K, reserved 1075200K
  class space    used 3880K, capacity 4097K, committed 4144K, reserved 1048576K
Event: 3.957 GC heap after
Heap after GC invocations=9 (full 1):
 PSYoungGen      total 126976K, used 7933K [0x00000000d5580000, 0x00000000de680000, 0x0000000100000000)
  eden space 118784K, 0% used [0x00000000d5580000,0x00000000d5580000,0x00000000dc980000)
  from space 8192K, 96% used [0x00000000dde80000,0x00000000de63f7d8,0x00000000de680000)
  to   space 11264K, 0% used [0x00000000dd080000,0x00000000dd080000,0x00000000ddb80000)
 ParOldGen       total 49152K, used 7315K [0x0000000080000000, 0x0000000083000000, 0x00000000d5580000)
  object space 49152K, 14% used [0x0000000080000000,0x0000000080724d58,0x0000000083000000)
 Metaspace       used 28128K, capacity 28826K, committed 28976K, reserved 1075200K
  class space    used 3880K, capacity 4097K, committed 4144K, reserved 1048576K
}
Event: 4.832 GC heap before
{Heap before GC invocations=10 (full 1):
 PSYoungGen      total 126976K, used 126717K [0x00000000d5580000, 0x00000000de680000, 0x0000000100000000)
  eden space 118784K, 100% used [0x00000000d5580000,0x00000000dc980000,0x00000000dc980000)
  from space 8192K, 96% used [0x00000000dde80000,0x00000000de63f7d8,0x00000000de680000)
  to   space 11264K, 0% used [0x00000000dd080000,0x00000000dd080000,0x00000000ddb80000)
 ParOldGen       total 49152K, used 7315K [0x0000000080000000, 0x0000000083000000, 0x00000000d5580000)
  object space 49152K, 14% used [0x0000000080000000,0x0000000080724d58,0x0000000083000000)
 Metaspace       used 34500K, capacity 35410K, committed 35496K, reserved 1079296K
  class space    used 4731K, capacity 4974K, committed 5040K, reserved 1048576K
Event: 4.840 GC heap after
Heap after GC invocations=10 (full 1):
 PSYoungGen      total 130048K, used 11253K [0x00000000d5580000, 0x00000000de680000, 0x0000000100000000)
  eden space 118784K, 0% used [0x00000000d5580000,0x00000000d5580000,0x00000000dc980000)
  from space 11264K, 99% used [0x00000000dd080000,0x00000000ddb7d7d0,0x00000000ddb80000)
  to   space 8192K, 0% used [0x00000000dde80000,0x00000000dde80000,0x00000000de680000)
 ParOldGen       total 49152K, used 7634K [0x0000000080000000, 0x0000000083000000, 0x00000000d5580000)
  object space 49152K, 15% used [0x0000000080000000,0x0000000080774880,0x0000000083000000)
 Metaspace       used 34500K, capacity 35410K, committed 35496K, reserved 1079296K
  class space    used 4731K, capacity 4974K, committed 5040K, reserved 1048576K
}
Event: 4.841 GC heap before
{Heap before GC invocations=11 (full 2):
 PSYoungGen      total 130048K, used 11253K [0x00000000d5580000, 0x00000000de680000, 0x0000000100000000)
  eden space 118784K, 0% used [0x00000000d5580000,0x00000000d5580000,0x00000000dc980000)
  from space 11264K, 99% used [0x00000000dd080000,0x00000000ddb7d7d0,0x00000000ddb80000)
  to   space 8192K, 0% used [0x00000000dde80000,0x00000000dde80000,0x00000000de680000)
 ParOldGen       total 49152K, used 7634K [0x0000000080000000, 0x0000000083000000, 0x00000000d5580000)
  object space 49152K, 15% used [0x0000000080000000,0x0000000080774880,0x0000000083000000)
 Metaspace       used 34500K, capacity 35410K, committed 35496K, reserved 1079296K
  class space    used 4731K, capacity 4974K, committed 5040K, reserved 1048576K
Event: 4.906 GC heap after
Heap after GC invocations=11 (full 2):
 PSYoungGen      total 130048K, used 0K [0x00000000d5580000, 0x00000000de680000, 0x0000000100000000)
  eden space 118784K, 0% used [0x00000000d5580000,0x00000000d5580000,0x00000000dc980000)
  from space 11264K, 0% used [0x00000000dd080000,0x00000000dd080000,0x00000000ddb80000)
  to   space 8192K, 0% used [0x00000000dde80000,0x00000000dde80000,0x00000000de680000)
 ParOldGen       total 76288K, used 18295K [0x0000000080000000, 0x0000000084a80000, 0x00000000d5580000)
  object space 76288K, 23% used [0x0000000080000000,0x00000000811ddfb0,0x0000000084a80000)
 Metaspace       used 34500K, capacity 35410K, committed 35496K, reserved 1079296K
  class space    used 4731K, capacity 4974K, committed 5040K, reserved 1048576K
}
Event: 6.203 GC heap before
{Heap before GC invocations=12 (full 2):
 PSYoungGen      total 130048K, used 118784K [0x00000000d5580000, 0x00000000de680000, 0x0000000100000000)
  eden space 118784K, 100% used [0x00000000d5580000,0x00000000dc980000,0x00000000dc980000)
  from space 11264K, 0% used [0x00000000dd080000,0x00000000dd080000,0x00000000ddb80000)
  to   space 8192K, 0% used [0x00000000dde80000,0x00000000dde80000,0x00000000de680000)
 ParOldGen       total 76288K, used 18295K [0x0000000080000000, 0x0000000084a80000, 0x00000000d5580000)
  object space 76288K, 23% used [0x0000000080000000,0x00000000811ddfb0,0x0000000084a80000)
 Metaspace       used 44435K, capacity 45894K, committed 46120K, reserved 1089536K
  class space    used 6008K, capacity 6369K, committed 6448K, reserved 1048576K
Event: 6.216 GC heap after
Heap after GC invocations=12 (full 2):
 PSYoungGen      total 126976K, used 8191K [0x00000000d5580000, 0x00000000de680000, 0x0000000100000000)
  eden space 118784K, 0% used [0x00000000d5580000,0x00000000d5580000,0x00000000dc980000)
  from space 8192K, 99% used [0x00000000dde80000,0x00000000de67ff40,0x00000000de680000)
  to   space 11264K, 0% used [0x00000000dd080000,0x00000000dd080000,0x00000000ddb80000)
 ParOldGen       total 76288K, used 27158K [0x0000000080000000, 0x0000000084a80000, 0x00000000d5580000)
  object space 76288K, 35% used [0x0000000080000000,0x0000000081a85a58,0x0000000084a80000)
 Metaspace       used 44435K, capacity 45894K, committed 46120K, reserved 1089536K
  class space    used 6008K, capacity 6369K, committed 6448K, reserved 1048576K
}

Deoptimization events (10 events):
Event: 6.186 Thread 0x000000001b061800 Uncommon trap: reason=unstable_if action=reinterpret pc=0x0000000003cdfdd4 method=java.util.jar.JarFile.maybeInstantiateVerifier()V @ 4
Event: 6.186 Thread 0x000000001b061800 Uncommon trap: reason=unstable_if action=reinterpret pc=0x0000000003eb4af0 method=java.security.CodeSource.<init>(Ljava/net/URL;[Ljava/security/CodeSigner;)V @ 25
Event: 6.187 Thread 0x000000001b061800 Uncommon trap: reason=unstable_if action=reinterpret pc=0x00000000037362ec method=java.security.CodeSource.getCertificates()[Ljava/security/cert/Certificate; @ 22
Event: 6.188 Thread 0x000000001b061800 Uncommon trap: reason=unstable_if action=reinterpret pc=0x0000000003b814d4 method=java.util.jar.JarFile.maybeInstantiateVerifier()V @ 4
Event: 6.189 Thread 0x000000001b061800 Uncommon trap: reason=unstable_if action=reinterpret pc=0x0000000003c0bb38 method=java.security.CodeSource.matchCerts(Ljava/security/CodeSource;Z)Z @ 11
Event: 6.221 Thread 0x000000001b061800 Uncommon trap: reason=unstable_if action=reinterpret pc=0x0000000003397dd8 method=java.util.LinkedHashMap.get(Ljava/lang/Object;)Ljava/lang/Object; @ 20
Event: 6.619 Thread 0x000000001b061800 Uncommon trap: reason=unstable_if action=reinterpret pc=0x0000000003bcf970 method=org.gradle.internal.reflect.PropertyAccessorType.of(Ljava/lang/reflect/Method;)Lorg/gradle/internal/reflect/PropertyAccessorType; @ 56
Event: 6.734 Thread 0x000000001b061800 Uncommon trap: reason=unstable_if action=reinterpret pc=0x0000000003efd670 method=org.gradle.internal.instantiation.generator.AbstractClassGenerator$InjectionAnnotationValidator.validateMethod(Ljava/lang/reflect/Method;Lorg/gradle/internal/reflect/Propert
Event: 6.734 Thread 0x000000001b061800 Uncommon trap: reason=unstable_if action=reinterpret pc=0x00000000033a0a04 method=org.gradle.internal.instantiation.generator.AbstractClassGenerator$InjectionAnnotationValidator.validateMethod(Ljava/lang/reflect/Method;Lorg/gradle/internal/reflect/Propert
Event: 6.794 Thread 0x000000001b061800 Uncommon trap: reason=unstable_if action=reinterpret pc=0x0000000003e21800 method=org.codehaus.groovy.reflection.CachedMethod.compareToMethod(Ljava/lang/reflect/Method;)I @ 43

Classes redefined (0 events):
No events

Internal exceptions (10 events):
Event: 6.835 Thread 0x000000001b061800 Exception <a 'java/lang/ClassNotFoundException': groovy/lang/GStringBeanInfo> (0x00000000d99b3680) thrown at [C:\src\AOSP-openjdk-git\hotspot\src\share\vm\classfile\systemDictionary.cpp, line 210]
Event: 6.835 Thread 0x000000001b061800 Exception <a 'java/lang/ClassNotFoundException': groovy/lang/GStringCustomizer> (0x00000000d99dccb8) thrown at [C:\src\AOSP-openjdk-git\hotspot\src\share\vm\classfile\systemDictionary.cpp, line 210]
Event: 6.836 Thread 0x000000001b061800 Exception <a 'java/lang/ClassNotFoundException': groovy/lang/GString$1Customizer> (0x00000000d9a122d0) thrown at [C:\src\AOSP-openjdk-git\hotspot\src\share\vm\classfile\systemDictionary.cpp, line 210]
Event: 6.839 Thread 0x000000001b061800 Exception <a 'java/lang/ClassNotFoundException': org/codehaus/groovy/runtime/GStringImplBeanInfo> (0x00000000d9ac2518) thrown at [C:\src\AOSP-openjdk-git\hotspot\src\share\vm\classfile\systemDictionary.cpp, line 210]
Event: 6.840 Thread 0x000000001b061800 Exception <a 'java/lang/ClassNotFoundException': org/codehaus/groovy/runtime/GStringImplCustomizer> (0x00000000d9af7e10) thrown at [C:\src\AOSP-openjdk-git\hotspot\src\share\vm\classfile\systemDictionary.cpp, line 210]
Event: 6.927 Thread 0x000000001b061800 Exception <a 'java/lang/ClassNotFoundException': org/gradle/api/plugins/internal/DefaultBasePluginConventionBeanInfo> (0x00000000da1e8fa8) thrown at [C:\src\AOSP-openjdk-git\hotspot\src\share\vm\classfile\systemDictionary.cpp, line 210]
Event: 6.927 Thread 0x000000001b061800 Exception <a 'java/lang/ClassNotFoundException': org/gradle/api/plugins/BasePluginConventionBeanInfo> (0x00000000da214a10) thrown at [C:\src\AOSP-openjdk-git\hotspot\src\share\vm\classfile\systemDictionary.cpp, line 210]
Event: 6.928 Thread 0x000000001b061800 Exception <a 'java/lang/ClassNotFoundException': org/gradle/api/plugins/BasePluginConventionCustomizer> (0x00000000da240bb0) thrown at [C:\src\AOSP-openjdk-git\hotspot\src\share\vm\classfile\systemDictionary.cpp, line 210]
Event: 6.928 Thread 0x000000001b061800 Exception <a 'java/lang/ClassNotFoundException': org/gradle/api/plugins/internal/DefaultBasePluginConventionCustomizer> (0x00000000da28a410) thrown at [C:\src\AOSP-openjdk-git\hotspot\src\share\vm\classfile\systemDictionary.cpp, line 210]
Event: 6.933 Thread 0x000000001b061800 Exception <a 'java/lang/NoSuchMethodError': java.lang.Object.lambda$comparingInt$7b0bb60$1(Ljava/util/function/ToIntFunction;Ljava/lang/Object;Ljava/lang/Object;)I> (0x00000000da2fb668) thrown at [C:\src\AOSP-openjdk-git\hotspot\src\share\vm\interpreter\l

Events (10 events):
Event: 7.048 loading class kotlin/jvm/functions/Function1
Event: 7.048 loading class kotlin/jvm/functions/Function1 done
Event: 7.048 loading class org/gradle/api/file/DirectoryProperty
Event: 7.048 loading class org/gradle/api/file/DirectoryProperty done
Event: 7.049 loading class kotlin/jvm/functions/Function1
Event: 7.049 loading class kotlin/jvm/functions/Function1 done
Event: 7.049 loading class org/gradle/api/file/DirectoryProperty
Event: 7.049 loading class org/gradle/api/file/DirectoryProperty done
Event: 7.049 loading class kotlin/jvm/functions/Function1
Event: 7.049 loading class kotlin/jvm/functions/Function1 done


Dynamic libraries:
0x00007ff74ff20000 - 0x00007ff74ff51000 	D:\AndroidStudio\jre\bin\java.exe
0x00007ffba93a0000 - 0x00007ffba9590000 	C:\WINDOWS\SYSTEM32\ntdll.dll
0x00007ffba7bd0000 - 0x00007ffba7c82000 	C:\WINDOWS\System32\KERNEL32.DLL
0x00007ffba7140000 - 0x00007ffba73e5000 	C:\WINDOWS\System32\KERNELBASE.dll
0x00007ffba7560000 - 0x00007ffba7603000 	C:\WINDOWS\System32\ADVAPI32.dll
0x00007ffba86a0000 - 0x00007ffba873e000 	C:\WINDOWS\System32\msvcrt.dll
0x00007ffba7ed0000 - 0x00007ffba7f67000 	C:\WINDOWS\System32\sechost.dll
0x00007ffba7f70000 - 0x00007ffba8090000 	C:\WINDOWS\System32\RPCRT4.dll
0x00007ffba8740000 - 0x00007ffba88d4000 	C:\WINDOWS\System32\USER32.dll
0x00007ffba73f0000 - 0x00007ffba7411000 	C:\WINDOWS\System32\win32u.dll
0x00007ffba7530000 - 0x00007ffba7556000 	C:\WINDOWS\System32\GDI32.dll
0x00007ffba6d00000 - 0x00007ffba6e96000 	C:\WINDOWS\System32\gdi32full.dll
0x00007ffba6c60000 - 0x00007ffba6cfe000 	C:\WINDOWS\System32\msvcp_win.dll
0x00007ffba6320000 - 0x00007ffba641a000 	C:\WINDOWS\System32\ucrtbase.dll
0x00007ffb93170000 - 0x00007ffb933f4000 	C:\WINDOWS\WinSxS\amd64_microsoft.windows.common-controls_6595b64144ccf1df_6.0.18362.1198_none_9e820b57e45ad92f\COMCTL32.dll
0x00007ffba7890000 - 0x00007ffba7bc5000 	C:\WINDOWS\System32\combase.dll
0x00007ffba6ea0000 - 0x00007ffba6f20000 	C:\WINDOWS\System32\bcryptPrimitives.dll
0x00007ffba8660000 - 0x00007ffba868e000 	C:\WINDOWS\System32\IMM32.DLL
0x0000000068a30000 - 0x0000000068b02000 	D:\AndroidStudio\jre\jre\bin\msvcr100.dll
0x0000000066520000 - 0x0000000066d6b000 	D:\AndroidStudio\jre\jre\bin\server\jvm.dll
0x00007ffba8690000 - 0x00007ffba8698000 	C:\WINDOWS\System32\PSAPI.DLL
0x00007ffba1c40000 - 0x00007ffba1c49000 	C:\WINDOWS\SYSTEM32\WSOCK32.dll
0x00007ffba7e60000 - 0x00007ffba7ecf000 	C:\WINDOWS\System32\WS2_32.dll
0x00007ffba41f0000 - 0x00007ffba4214000 	C:\WINDOWS\SYSTEM32\WINMM.dll
0x00007ffba5dd0000 - 0x00007ffba5dda000 	C:\WINDOWS\SYSTEM32\VERSION.dll
0x00007ffba40e0000 - 0x00007ffba410d000 	C:\WINDOWS\SYSTEM32\winmmbase.dll
0x00007ffba6f20000 - 0x00007ffba6f6a000 	C:\WINDOWS\System32\cfgmgr32.dll
0x00007ffb88370000 - 0x00007ffb8837f000 	D:\AndroidStudio\jre\jre\bin\verify.dll
0x00007ffb74ec0000 - 0x00007ffb74ee9000 	D:\AndroidStudio\jre\jre\bin\java.dll
0x00007ffb79030000 - 0x00007ffb79046000 	D:\AndroidStudio\jre\jre\bin\zip.dll
0x00007ffba88e0000 - 0x00007ffba8fc7000 	C:\WINDOWS\System32\SHELL32.dll
0x00007ffba9130000 - 0x00007ffba91d9000 	C:\WINDOWS\System32\shcore.dll
0x00007ffba64d0000 - 0x00007ffba6c51000 	C:\WINDOWS\System32\windows.storage.dll
0x00007ffba62f0000 - 0x00007ffba6313000 	C:\WINDOWS\System32\profapi.dll
0x00007ffba6260000 - 0x00007ffba62aa000 	C:\WINDOWS\System32\powrprof.dll
0x00007ffba6250000 - 0x00007ffba6260000 	C:\WINDOWS\System32\UMPDC.dll
0x00007ffba7450000 - 0x00007ffba74a2000 	C:\WINDOWS\System32\shlwapi.dll
0x00007ffba62d0000 - 0x00007ffba62e1000 	C:\WINDOWS\System32\kernel.appcore.dll
0x00007ffba6f70000 - 0x00007ffba6f87000 	C:\WINDOWS\System32\cryptsp.dll
0x00007ffb74f60000 - 0x00007ffb74f7a000 	D:\AndroidStudio\jre\jre\bin\net.dll
0x00007ffba59d0000 - 0x00007ffba5a37000 	C:\WINDOWS\system32\mswsock.dll
0x00007ffb74e70000 - 0x00007ffb74e83000 	D:\AndroidStudio\jre\jre\bin\nio.dll
0x00007ffb709b0000 - 0x00007ffb709d6000 	C:\Users\Administrator\.gradle\native\31\windows-amd64\native-platform.dll
0x00007ffb86b90000 - 0x00007ffb86b9d000 	D:\AndroidStudio\jre\jre\bin\management.dll
0x00007ffba5540000 - 0x00007ffba5573000 	C:\WINDOWS\system32\rsaenh.dll
0x00007ffba7420000 - 0x00007ffba7446000 	C:\WINDOWS\System32\bcrypt.dll
0x00007ffba6130000 - 0x00007ffba6155000 	C:\WINDOWS\SYSTEM32\USERENV.dll
0x00007ffba5ba0000 - 0x00007ffba5bac000 	C:\WINDOWS\SYSTEM32\CRYPTBASE.dll
0x00007ffba56e0000 - 0x00007ffba571a000 	C:\WINDOWS\SYSTEM32\IPHLPAPI.DLL
0x00007ffba81e0000 - 0x00007ffba81e8000 	C:\WINDOWS\System32\NSI.dll
0x00007ffb9f280000 - 0x00007ffb9f296000 	C:\WINDOWS\SYSTEM32\dhcpcsvc6.DLL
0x00007ffb9f3b0000 - 0x00007ffb9f3cc000 	C:\WINDOWS\SYSTEM32\dhcpcsvc.DLL
0x00007ffba5720000 - 0x00007ffba57eb000 	C:\WINDOWS\SYSTEM32\DNSAPI.dll

VM Arguments:
jvm_args: -Xmx2048m -Dfile.encoding=GBK -Duser.country=CN -Duser.language=zh -Duser.variant 
java_command: org.gradle.launcher.daemon.bootstrap.GradleDaemon 6.1.1
java_class_path (initial): C:\Users\Administrator\.gradle\wrapper\dists\gradle-6.1.1-all\cfmwm155h49vnt3hynmlrsdst\gradle-6.1.1\lib\gradle-launcher-6.1.1.jar
Launcher Type: SUN_STANDARD

Environment Variables:
PATH=C:\Program Files\Common Files\Oracle\Java\javapath;C:\Program Files (x86)\Common Files\Oracle\Java\javapath;C:\WINDOWS\system32;C:\WINDOWS;C:\WINDOWS\System32\Wbem;C:\WINDOWS\System32\WindowsPowerShell\v1.0\;C:\WINDOWS\System32\OpenSSH\;C:\Program Files (x86)\NVIDIA Corporation\PhysX\Common;C:\Program Files\Git\cmd;D:\360Downloads\putty\;C:\Users\Administrator\AppData\Local\Microsoft\WindowsApps;D:\IntelliJ IDEA Community Edition 2020.2.3\bin;;D:\mysql-8.0.22-winx64\bin;C:\WebDriver\bin;
USERNAME=Administrator
OS=Windows_NT
PROCESSOR_IDENTIFIER=Intel64 Family 6 Model 158 Stepping 9, GenuineIntel



---------------  S Y S T E M  ---------------

OS: Windows 10.0 , 64 bit Build 18362 (10.0.18362.1110)

CPU:total 8 (initial active 8) (4 cores per cpu, 2 threads per core) family 6 model 158 stepping 9, cmov, cx8, fxsr, mmx, sse, sse2, sse3, ssse3, sse4.1, sse4.2, popcnt, avx, avx2, aes, clmul, erms, 3dnowpref, lzcnt, ht, tsc, tscinvbit, bmi1, bmi2, adx

Memory: 4k page, physical 8247252k(524196k free), swap 21865508k(5152k free)

vm_info: OpenJDK 64-Bit Server VM (25.242-b01) for windows-amd64 JRE (1.8.0_242-release-1644-b01), built by "builder" with MS VC++ 10.0 (VS2010)

time: Sat Nov 28 20:50:22 2020
timezone: 中国标准时间
elapsed time: 7 seconds (0d 0h 0m 7s)

